[industry.dexignzone.com/xhtml/index-14.html]
[backblue.gif]
[fade.gif]
[index.html]
[industry.dexignzone.com/xhtml/social-image.png]
[industry.dexignzone.com/xhtml/images/favicon.ico]
[industry.dexignzone.com/xhtml/images/favicon.png]
[industry.dexignzone.com/xhtml/css/plugins.css]
[industry.dexignzone.com/xhtml/css/skin/skin-2.css]
[industry.dexignzone.com/xhtml/css/style.css]
[industry.dexignzone.com/xhtml/css/templete.css]
[industry.dexignzone.com/xhtml/plugins/revolution/revolution/css/revolution.min.css]
[industry.dexignzone.com/xhtml/index.html]
[industry.dexignzone.com/xhtml/images/logo-white-2.png]
[industry.dexignzone.com/xhtml/images/logo-2.png]
[industry.dexignzone.com/xhtml/images/main-slider/slide29.jpg]
[industry.dexignzone.com/xhtml/services-details.html]
[industry.dexignzone.com/xhtml/images/gallery/car/pic1.jpg]
[industry.dexignzone.com/xhtml/images/gallery/car/pic2.jpg]
[industry.dexignzone.com/xhtml/images/gallery/car/pic3.jpg]
[industry.dexignzone.com/xhtml/images/our-work/car/pic3.jpg]
[industry.dexignzone.com/xhtml/images/our-work/car/pic4.jpg]
[industry.dexignzone.com/xhtml/about-1.html]
[industry.dexignzone.com/xhtml/images/icon/car/icon-1.png]
[industry.dexignzone.com/xhtml/images/icon/car/icon-2.png]
[industry.dexignzone.com/xhtml/images/icon/car/icon-3.png]
[industry.dexignzone.com/xhtml/images/icon/car/icon-4.png]
[industry.dexignzone.com/xhtml/images/icon/car/icon-5.png]
[industry.dexignzone.com/xhtml/images/icon/car/icon-6.png]
[industry.dexignzone.com/xhtml/images/our-work/car/pic1.jpg]
[industry.dexignzone.com/xhtml/blog-single.html]
[industry.dexignzone.com/xhtml/images/our-work/car/pic2.jpg]
[industry.dexignzone.com/xhtml/images/background/bg19.jpg]
[industry.dexignzone.com/xhtml/team-1.html]
[industry.dexignzone.com/xhtml/images/our-team/car/pic1.jpg]
[industry.dexignzone.com/xhtml/images/our-team/car/pic2.jpg]
[industry.dexignzone.com/xhtml/images/our-team/car/pic3.jpg]
[industry.dexignzone.com/xhtml/images/our-team/car/pic4.jpg]
[industry.dexignzone.com/xhtml/images/testimonials/pic1.jpg]
[industry.dexignzone.com/xhtml/images/testimonials/pic2.jpg]
[industry.dexignzone.com/xhtml/images/testimonials/pic3.jpg]
[industry.dexignzone.com/xhtml/contact-3.html]
[industry.dexignzone.com/xhtml/blog-grid-2.html]
[industry.dexignzone.com/xhtml/services-1.html]
[industry.dexignzone.com/xhtml/privacy-policy.html]
[industry.dexignzone.com/xhtml/portfolio-details.html]
[industry.dexignzone.com/xhtml/help-desk.html]
[industry.dexignzone.com/xhtml/shop.html]
[industry.dexignzone.com/xhtml/contact-1.html]
[industry.dexignzone.com/xhtml/js/jquery.min.js]
[industry.dexignzone.com/xhtml/plugins/wow/wow.js]
[industry.dexignzone.com/xhtml/plugins/bootstrap/js/bootstrap.bundle.min.js]
[industry.dexignzone.com/xhtml/plugins/bootstrap-select/bootstrap-select.min.js]
[industry.dexignzone.com/xhtml/plugins/bootstrap-touchspin/jquery.bootstrap-touchspin.js]
[industry.dexignzone.com/xhtml/plugins/magnific-popup/magnific-popup.js]
[industry.dexignzone.com/xhtml/plugins/counter/waypoints-min.js]
[industry.dexignzone.com/xhtml/plugins/counter/counterup.min.js]
[industry.dexignzone.com/xhtml/plugins/imagesloaded/imagesloaded.js]
[industry.dexignzone.com/xhtml/plugins/masonry/masonry-3.1.4.js]
[industry.dexignzone.com/xhtml/plugins/masonry/masonry.filter.js]
[industry.dexignzone.com/xhtml/plugins/owl-carousel/owl.carousel.js]
[industry.dexignzone.com/xhtml/plugins/lightgallery/js/lightgallery-all.min.js]
[industry.dexignzone.com/xhtml/plugins/scroll/scrollbar.min.js]
[industry.dexignzone.com/xhtml/js/custom.js]
[industry.dexignzone.com/xhtml/js/dz.carousel.min.js]
[industry.dexignzone.com/xhtml/plugins/countdown/jquery.countdown.js]
[industry.dexignzone.com/xhtml/js/dz.ajax.js]
[industry.dexignzone.com/xhtml/plugins/rangeslider/rangeslider.js]
[industry.dexignzone.com/xhtml/plugins/switcher/switcher.js]
[industry.dexignzone.com/xhtml/js/jquery.lazy.min.js]
[industry.dexignzone.com/xhtml/plugins/revolution/revolution/js/jquery.themepunch.tools.min.js]
[industry.dexignzone.com/xhtml/plugins/revolution/revolution/js/jquery.themepunch.revolution.min.js]
[industry.dexignzone.com/xhtml/plugins/revolution/revolution/js/extensions/revolution.extension.actions.min.js]
[industry.dexignzone.com/xhtml/plugins/revolution/revolution/js/extensions/revolution.extension.carousel.min.js]
[industry.dexignzone.com/xhtml/plugins/revolution/revolution/js/extensions/revolution.extension.kenburn.min.js]
[industry.dexignzone.com/xhtml/plugins/revolution/revolution/js/extensions/revolution.extension.layeranimation.min.js]
[industry.dexignzone.com/xhtml/plugins/revolution/revolution/js/extensions/revolution.extension.navigation.min.js]
[industry.dexignzone.com/xhtml/plugins/revolution/revolution/js/extensions/revolution.extension.parallax.min.js]
[industry.dexignzone.com/xhtml/plugins/revolution/revolution/js/extensions/revolution.extension.slideanims.min.js]
[industry.dexignzone.com/xhtml/plugins/revolution/revolution/js/extensions/revolution.extension.video.min.js]
[industry.dexignzone.com/xhtml/js/rev.slider.js]
[industry.dexignzone.com/xhtml/index-14.html]
[industry.dexignzone.com/xhtml/plugins/bootstrap/css/bootstrap.min.css]
[industry.dexignzone.com/xhtml/plugins/fontawesome/css/all.min.css]
[industry.dexignzone.com/xhtml/plugins/line-awesome/css/line-awesome.min.css]
[industry.dexignzone.com/xhtml/plugins/flaticon/flaticon.css]
[industry.dexignzone.com/xhtml/plugins/flaticon/beer/flaticon.css]
[industry.dexignzone.com/xhtml/plugins/themify/themify-icons.css]
[industry.dexignzone.com/xhtml/plugins/owl-carousel/owl.carousel.css]
[industry.dexignzone.com/xhtml/plugins/bootstrap-select/bootstrap-select.min.css]
[industry.dexignzone.com/xhtml/plugins/magnific-popup/magnific-popup.css]
[industry.dexignzone.com/xhtml/plugins/animate/animate.css]
[industry.dexignzone.com/xhtml/plugins/scroll/scrollbar.css]
[industry.dexignzone.com/xhtml/plugins/rangeslider/rangeslider.css]
[industry.dexignzone.com/xhtml/plugins/lightgallery/css/lightgallery.min.css]
[industry.dexignzone.com/xhtml/plugins/button-effects/button.css]
[industry.dexignzone.com/xhtml/plugins/switcher/switcher.css]
[industry.dexignzone.com/xhtml/css/plugins.css]
[industry.dexignzone.com/xhtml/error-404.html]
[industry.dexignzone.com/xhtml/images/pattern/pt1.png]
[industry.dexignzone.com/xhtml/images/pattern/pt2.png]
[industry.dexignzone.com/xhtml/images/pattern/pt3.png]
[industry.dexignzone.com/xhtml/images/pattern/pt4.png]
[industry.dexignzone.com/xhtml/images/loading.svg]
[industry.dexignzone.com/xhtml/images/solar.gif]
[industry.dexignzone.com/xhtml/images/icon/bottom.png]
[industry.dexignzone.com/xhtml/css/style.css]
[industry.dexignzone.com/xhtml/css/skin/skin-2.css]
[industry.dexignzone.com/xhtml/images/icon/right.png]
[industry.dexignzone.com/xhtml/images/background/bg12.jpg]
[industry.dexignzone.com/xhtml/images/background/border-bg-top.png]
[industry.dexignzone.com/xhtml/images/background/border-bg-bottom.png]
[industry.dexignzone.com/xhtml/images/background/border-bg-left.png]
[industry.dexignzone.com/xhtml/images/background/border-bg-right.png]
[industry.dexignzone.com/xhtml/images/pattern/pt1.jpg]
[industry.dexignzone.com/xhtml/images/background/border-bg-dark-top.png]
[industry.dexignzone.com/xhtml/css/templete.css]
[industry.dexignzone.com/xhtml/plugins/revolution/revolution/fonts/revicons/revicons90c6.eot]
[industry.dexignzone.com/xhtml/plugins/revolution/revolution/fonts/revicons/revicons90c6.woff]
[industry.dexignzone.com/xhtml/plugins/revolution/revolution/fonts/revicons/revicons90c6.ttf]
[industry.dexignzone.com/xhtml/plugins/revolution/revolution/fonts/revicons/revicons90c6.svg]
[industry.dexignzone.com/xhtml/plugins/revolution/revolution/assets/gridtile.png]
[industry.dexignzone.com/xhtml/plugins/revolution/revolution/assets/gridtile_white.png]
[industry.dexignzone.com/xhtml/plugins/revolution/revolution/assets/gridtile_3x3.png]
[industry.dexignzone.com/xhtml/plugins/revolution/revolution/assets/gridtile_3x3_white.png]
[industry.dexignzone.com/xhtml/plugins/revolution/revolution/assets/coloredbg.png]
[industry.dexignzone.com/xhtml/plugins/revolution/revolution/assets/loader.gif]
[industry.dexignzone.com/xhtml/plugins/revolution/revolution/css/revolution.min.css]
[industry.dexignzone.com/xhtml/css/skin/skin-1.css]
[industry.dexignzone.com/xhtml/images/logo.png]
[industry.dexignzone.com/xhtml/index-20.html]
[industry.dexignzone.com/xhtml/demo/pic20.jpg]
[industry.dexignzone.com/xhtml/index-19.html]
[industry.dexignzone.com/xhtml/demo/pic19.jpg]
[industry.dexignzone.com/xhtml/index-18.html]
[industry.dexignzone.com/xhtml/demo/pic18.jpg]
[industry.dexignzone.com/xhtml/index-17.html]
[industry.dexignzone.com/xhtml/demo/pic17.jpg]
[industry.dexignzone.com/xhtml/demo/pic1.jpg]
[industry.dexignzone.com/xhtml/index-2.html]
[industry.dexignzone.com/xhtml/demo/pic2.jpg]
[industry.dexignzone.com/xhtml/index-3.html]
[industry.dexignzone.com/xhtml/demo/pic3.jpg]
[industry.dexignzone.com/xhtml/index-4.html]
[industry.dexignzone.com/xhtml/demo/pic4.jpg]
[industry.dexignzone.com/xhtml/index-5.html]
[industry.dexignzone.com/xhtml/demo/pic5.jpg]
[industry.dexignzone.com/xhtml/index-6.html]
[industry.dexignzone.com/xhtml/demo/pic6.jpg]
[industry.dexignzone.com/xhtml/index-7.html]
[industry.dexignzone.com/xhtml/demo/pic7.jpg]
[industry.dexignzone.com/xhtml/index-8.html]
[industry.dexignzone.com/xhtml/demo/pic8.jpg]
[industry.dexignzone.com/xhtml/index-9.html]
[industry.dexignzone.com/xhtml/demo/pic9.jpg]
[industry.dexignzone.com/xhtml/index-10.html]
[industry.dexignzone.com/xhtml/demo/pic10.jpg]
[industry.dexignzone.com/xhtml/index-11.html]
[industry.dexignzone.com/xhtml/demo/pic11.jpg]
[industry.dexignzone.com/xhtml/index-12.html]
[industry.dexignzone.com/xhtml/demo/pic12.jpg]
[industry.dexignzone.com/xhtml/index-13.html]
[industry.dexignzone.com/xhtml/demo/pic13.jpg]
[industry.dexignzone.com/xhtml/demo/pic14.jpg]
[industry.dexignzone.com/xhtml/index-15.html]
[industry.dexignzone.com/xhtml/demo/pic15.jpg]
[industry.dexignzone.com/xhtml/index-16.html]
[industry.dexignzone.com/xhtml/demo/pic16.jpg]
[industry.dexignzone.com/xhtml/header-style-1.html]
[industry.dexignzone.com/xhtml/header-style-2.html]
[industry.dexignzone.com/xhtml/header-style-3.html]
[industry.dexignzone.com/xhtml/header-style-4.html]
[industry.dexignzone.com/xhtml/header-style-5.html]
[industry.dexignzone.com/xhtml/header-style-6.html]
[industry.dexignzone.com/xhtml/header-style-dark-1.html]
[industry.dexignzone.com/xhtml/header-style-dark-2.html]
[industry.dexignzone.com/xhtml/header-style-dark-3.html]
[industry.dexignzone.com/xhtml/header-style-dark-4.html]
[industry.dexignzone.com/xhtml/header-style-dark-5.html]
[industry.dexignzone.com/xhtml/header-style-dark-6.html]
[industry.dexignzone.com/xhtml/footer-1.html]
[industry.dexignzone.com/xhtml/footer-2.html]
[industry.dexignzone.com/xhtml/footer-3.html]
[industry.dexignzone.com/xhtml/footer-4.html]
[industry.dexignzone.com/xhtml/footer-5.html]
[industry.dexignzone.com/xhtml/footer-6.html]
[industry.dexignzone.com/xhtml/footer-7.html]
[industry.dexignzone.com/xhtml/footer-8.html]
[industry.dexignzone.com/xhtml/footer-9.html]
[industry.dexignzone.com/xhtml/footer-10.html]
[industry.dexignzone.com/xhtml/footer-11.html]
[industry.dexignzone.com/xhtml/footer-12.html]
[industry.dexignzone.com/xhtml/about-2.html]
[industry.dexignzone.com/xhtml/services-2.html]
[industry.dexignzone.com/xhtml/services-agricultural-processing.html]
[industry.dexignzone.com/xhtml/services-power-energy.html]
[industry.dexignzone.com/xhtml/services-oil-lubricant.html]
[industry.dexignzone.com/xhtml/services-materials-engineering.html]
[industry.dexignzone.com/xhtml/services-chemical-research.html]
[industry.dexignzone.com/xhtml/services-alternate-energy.html]
[industry.dexignzone.com/xhtml/team-2.html]
[industry.dexignzone.com/xhtml/faq-1.html]
[industry.dexignzone.com/xhtml/faq-2.html]
[industry.dexignzone.com/xhtml/portfolio-grid-2.html]
[industry.dexignzone.com/xhtml/portfolio-grid-3.html]
[industry.dexignzone.com/xhtml/portfolio-grid-4.html]
[industry.dexignzone.com/xhtml/error-403.html]
[industry.dexignzone.com/xhtml/error-405.html]
[industry.dexignzone.com/xhtml/coming-soon-1.html]
[industry.dexignzone.com/xhtml/coming-soon-2.html]
[industry.dexignzone.com/xhtml/shop-sidebar.html]
[industry.dexignzone.com/xhtml/shop-product-details.html]
[industry.dexignzone.com/xhtml/shop-cart.html]
[industry.dexignzone.com/xhtml/shop-wishlist.html]
[industry.dexignzone.com/xhtml/shop-checkout.html]
[industry.dexignzone.com/xhtml/shop-login.html]
[industry.dexignzone.com/xhtml/shop-register.html]
[industry.dexignzone.com/xhtml/blog-half-img.html]
[industry.dexignzone.com/xhtml/blog-half-img-sidebar.html]
[industry.dexignzone.com/xhtml/blog-half-img-left-sidebar.html]
[industry.dexignzone.com/xhtml/blog-large-img.html]
[industry.dexignzone.com/xhtml/blog-large-img-sidebar.html]
[industry.dexignzone.com/xhtml/blog-large-img-left-sidebar.html]
[industry.dexignzone.com/xhtml/blog-grid-2-sidebar.html]
[industry.dexignzone.com/xhtml/blog-grid-2-sidebar-left.html]
[industry.dexignzone.com/xhtml/blog-grid-3.html]
[industry.dexignzone.com/xhtml/blog-grid-3-sidebar.html]
[industry.dexignzone.com/xhtml/blog-grid-3-sidebar-left.html]
[industry.dexignzone.com/xhtml/blog-grid-4.html]
[industry.dexignzone.com/xhtml/blog-single-sidebar.html]
[industry.dexignzone.com/xhtml/blog-single-left-sidebar.html]
[industry.dexignzone.com/xhtml/shortcode-buttons.html]
[industry.dexignzone.com/xhtml/shortcode-icon-box-styles.html]
[industry.dexignzone.com/xhtml/shortcode-pricing-table.html]
[industry.dexignzone.com/xhtml/shortcode-toggles.html]
[industry.dexignzone.com/xhtml/shortcode-team.html]
[industry.dexignzone.com/xhtml/shortcode-animation-effects.html]
[industry.dexignzone.com/xhtml/shortcode-carousel-sliders.html]
[industry.dexignzone.com/xhtml/shortcode-image-box-content.html]
[industry.dexignzone.com/xhtml/shortcode-tabs.html]
[industry.dexignzone.com/xhtml/shortcode-counters.html]
[industry.dexignzone.com/xhtml/shortcode-shop-widgets.html]
[industry.dexignzone.com/xhtml/shortcode-filters.html]
[industry.dexignzone.com/xhtml/shortcode-accordians.html]
[industry.dexignzone.com/xhtml/shortcode-dividers.html]
[industry.dexignzone.com/xhtml/shortcode-images-effects.html]
[industry.dexignzone.com/xhtml/shortcode-testimonials.html]
[industry.dexignzone.com/xhtml/shortcode-pagination.html]
[industry.dexignzone.com/xhtml/shortcode-alert-box.html]
[industry.dexignzone.com/xhtml/shortcode-icon-box.html]
[industry.dexignzone.com/xhtml/shortcode-list-group.html]
[industry.dexignzone.com/xhtml/shortcode-title-separators.html]
[industry.dexignzone.com/xhtml/shortcode-all-widgets.html]
[industry.dexignzone.com/xhtml/contact-2.html]
[industry.dexignzone.com/xhtml/contact-4.html]
[industry.dexignzone.com/xhtml/images/main-slider/slide8.jpg]
[industry.dexignzone.com/xhtml/images/main-slider/slide7.png]
[industry.dexignzone.com/xhtml/images/our-services/preview.jpg]
[industry.dexignzone.com/xhtml/images/background/bg2.jpg]
[industry.dexignzone.com/xhtml/images/pic1.png]
[industry.dexignzone.com/xhtml/images/background/bg4.jpg]
[industry.dexignzone.com/xhtml/images/our-team/preview.jpg]
[industry.dexignzone.com/xhtml/images/our-team/pic1.jpg]
[industry.dexignzone.com/xhtml/images/our-team/pic2.jpg]
[industry.dexignzone.com/xhtml/images/our-team/pic3.jpg]
[industry.dexignzone.com/xhtml/images/our-team/pic4.jpg]
[industry.dexignzone.com/xhtml/images/background/map-bg.png]
[industry.dexignzone.com/xhtml/images/blog/latest-blog/pic1.jpg]
[industry.dexignzone.com/xhtml/images/blog/latest-blog/pic2.jpg]
[industry.dexignzone.com/xhtml/images/blog/latest-blog/pic3.jpg]
[industry.dexignzone.com/xhtml/images/client-logo/logo1.jpg]
[industry.dexignzone.com/xhtml/images/client-logo/logo2.jpg]
[industry.dexignzone.com/xhtml/images/client-logo/logo3.jpg]
[industry.dexignzone.com/xhtml/images/client-logo/logo4.jpg]
[industry.dexignzone.com/xhtml/images/icon/icon1.png]
[industry.dexignzone.com/xhtml/images/icon/icon2.png]
[industry.dexignzone.com/xhtml/images/icon/icon3.png]
[industry.dexignzone.com/xhtml/images/background/bg2.png]
[industry.dexignzone.com/xhtml/images/logo-light.png]
[industry.dexignzone.com/xhtml/index.html]
[industry.dexignzone.com/xhtml/images/banner/bnr2.jpg]
[industry.dexignzone.com/xhtml/images/about/pic6.jpg]
[industry.dexignzone.com/xhtml/images/our-services/pic2.jpg]
[industry.dexignzone.com/xhtml/images/our-services/pic3.jpg]
[industry.dexignzone.com/xhtml/services-details.html]
[industry.dexignzone.com/xhtml/images/banner/bnr3.jpg]
[industry.dexignzone.com/xhtml/images/background/bg-video.png]
[industry.dexignzone.com/xhtml/images/about/pic5.jpg]
[industry.dexignzone.com/xhtml/images/sign.png]
[industry.dexignzone.com/xhtml/images/background/bg1.jpg]
[industry.dexignzone.com/xhtml/about-1.html]
[industry.dexignzone.com/xhtml/images/banner/bnr1.jpg]
[industry.dexignzone.com/xhtml/images/blog/default/thum1.jpg]
[industry.dexignzone.com/xhtml/images/blog/grid/pic4.jpg]
[industry.dexignzone.com/xhtml/images/blog/grid/pic1.jpg]
[industry.dexignzone.com/xhtml/blog-single.html]
[industry.dexignzone.com/xhtml/images/banner/bnr4.jpg]
[industry.dexignzone.com/xhtml/images/our-team/pic5.jpg]
[industry.dexignzone.com/xhtml/images/our-team/pic6.jpg]
[industry.dexignzone.com/xhtml/images/our-team/pic7.jpg]
[industry.dexignzone.com/xhtml/images/our-team/pic8.jpg]
[industry.dexignzone.com/xhtml/team-1.html]
[industry.dexignzone.com/xhtml/contact-3.html]
[www.google.com/recaptcha/api.js]
[industry.dexignzone.com/xhtml/images/blog/grid/pic2.jpg]
[industry.dexignzone.com/xhtml/images/blog/grid/pic3.jpg]
[industry.dexignzone.com/xhtml/blog-grid-2.html]
[industry.dexignzone.com/xhtml/services-1.html]
[industry.dexignzone.com/xhtml/privacy-policy.html]
[industry.dexignzone.com/xhtml/images/about/pic3.jpg]
[industry.dexignzone.com/xhtml/images/about/about2.jpg]
[industry.dexignzone.com/xhtml/portfolio-details.html]
[industry.dexignzone.com/xhtml/help-desk.html]
[industry.dexignzone.com/xhtml/images/product/thumb3.jpg]
[industry.dexignzone.com/xhtml/images/product/thumb2.jpg]
[industry.dexignzone.com/xhtml/images/product/thumb1.jpg]
[industry.dexignzone.com/xhtml/images/product/item1.jpg]
[industry.dexignzone.com/xhtml/images/product/item2.jpg]
[industry.dexignzone.com/xhtml/images/product/item3.jpg]
[industry.dexignzone.com/xhtml/images/product/item4.jpg]
[industry.dexignzone.com/xhtml/images/product/item5.jpg]
[industry.dexignzone.com/xhtml/images/product/item6.jpg]
[industry.dexignzone.com/xhtml/images/product/item7.jpg]
[industry.dexignzone.com/xhtml/images/product/item8.jpg]
[industry.dexignzone.com/xhtml/images/product/item9.jpg]
[industry.dexignzone.com/xhtml/shop.html]
[industry.dexignzone.com/xhtml/images/background/bg5.jpg]
[industry.dexignzone.com/xhtml/contact-1.html]
[industry.dexignzone.com/xhtml/js/jquery.min.js]
[industry.dexignzone.com/xhtml/plugins/wow/wow.js]
[industry.dexignzone.com/xhtml/plugins/bootstrap/js/bootstrap.bundle.min.js]
[industry.dexignzone.com/xhtml/plugins/bootstrap-select/bootstrap-select.min.js]
[industry.dexignzone.com/xhtml/plugins/bootstrap-touchspin/jquery.bootstrap-touchspin.js]
[industry.dexignzone.com/xhtml/plugins/magnific-popup/magnific-popup.js]
[industry.dexignzone.com/xhtml/plugins/counter/waypoints-min.js]
[industry.dexignzone.com/xhtml/plugins/counter/counterup.min.js]
[industry.dexignzone.com/xhtml/plugins/imagesloaded/imagesloaded.js]
[industry.dexignzone.com/xhtml/plugins/masonry/masonry-3.1.4.js]
[industry.dexignzone.com/xhtml/plugins/masonry/masonry.filter.js]
[industry.dexignzone.com/xhtml/plugins/owl-carousel/owl.carousel.js]
[industry.dexignzone.com/xhtml/plugins/lightgallery/js/lightgallery-all.min.js]
[industry.dexignzone.com/xhtml/plugins/scroll/scrollbar.min.js]
[dzassets.s3.amazonaws.com/w3-global.js]
[industry.dexignzone.com/xhtml/js/custom.js]
[industry.dexignzone.com/xhtml/js/dz.carousel.min.js]
[industry.dexignzone.com/xhtml/plugins/countdown/jquery.countdown.js]
[industry.dexignzone.com/xhtml/js/dz.ajax.js]
[industry.dexignzone.com/xhtml/plugins/rangeslider/rangeslider.js]
[industry.dexignzone.com/xhtml/plugins/switcher/switcher.js]
[industry.dexignzone.com/xhtml/js/jquery.lazy.min.js]
[industry.dexignzone.com/xhtml/plugins/revolution/revolution/js/jquery.themepunch.tools.min.js]
[industry.dexignzone.com/xhtml/plugins/revolution/revolution/js/jquery.themepunch.revolution.min.js]
[industry.dexignzone.com/xhtml/plugins/revolution/revolution/js/extensions/revolution.extension.actions.min.js]
[industry.dexignzone.com/xhtml/plugins/revolution/revolution/js/extensions/revolution.extension.carousel.min.js]
[industry.dexignzone.com/xhtml/plugins/revolution/revolution/js/extensions/revolution.extension.kenburn.min.js]
[industry.dexignzone.com/xhtml/plugins/revolution/revolution/js/extensions/revolution.extension.layeranimation.min.js]
[industry.dexignzone.com/xhtml/plugins/revolution/revolution/js/extensions/revolution.extension.navigation.min.js]
[industry.dexignzone.com/xhtml/plugins/revolution/revolution/js/extensions/revolution.extension.parallax.min.js]
[industry.dexignzone.com/xhtml/plugins/revolution/revolution/js/extensions/revolution.extension.slideanims.min.js]
[industry.dexignzone.com/xhtml/plugins/revolution/revolution/js/extensions/revolution.extension.video.min.js]
[industry.dexignzone.com/xhtml/js/rev.slider.js]
[industry.dexignzone.com/xhtml/plugins/bootstrap/css/bootstrap.min.css]
[player.vimeo.com/api/player.js]
[industry.dexignzone.com/xhtml/plugins/fontawesome/webfonts/fa-brands-400d41d.eot]
[industry.dexignzone.com/xhtml/plugins/fontawesome/webfonts/fa-brands-400.eot]
[industry.dexignzone.com/xhtml/plugins/fontawesome/webfonts/fa-brands-400.woff]
[industry.dexignzone.com/xhtml/plugins/fontawesome/webfonts/fa-brands-400.ttf]
[industry.dexignzone.com/xhtml/plugins/fontawesome/webfonts/fa-brands-400.woff2]
[industry.dexignzone.com/xhtml/plugins/fontawesome/webfonts/fa-regular-400.eot]
[industry.dexignzone.com/xhtml/plugins/fontawesome/webfonts/fa-regular-400d41d.eot]
[industry.dexignzone.com/xhtml/plugins/fontawesome/webfonts/fa-regular-400.woff2]
[industry.dexignzone.com/xhtml/plugins/fontawesome/webfonts/fa-regular-400.woff]
[industry.dexignzone.com/xhtml/plugins/fontawesome/webfonts/fa-regular-400.ttf]
[industry.dexignzone.com/xhtml/plugins/fontawesome/webfonts/fa-regular-400.svg]
[industry.dexignzone.com/xhtml/plugins/fontawesome/webfonts/fa-solid-900d41d.eot]
[industry.dexignzone.com/xhtml/plugins/fontawesome/webfonts/fa-brands-400.svg]
[industry.dexignzone.com/xhtml/plugins/fontawesome/webfonts/fa-solid-900.eot]
[industry.dexignzone.com/xhtml/plugins/fontawesome/webfonts/fa-solid-900.woff2]
[industry.dexignzone.com/xhtml/plugins/fontawesome/webfonts/fa-solid-900.woff]
[industry.dexignzone.com/xhtml/plugins/fontawesome/css/all.min.css]
[industry.dexignzone.com/xhtml/plugins/line-awesome/fonts/line-awesomeeb4f.eot]
[industry.dexignzone.com/xhtml/plugins/fontawesome/webfonts/fa-solid-900.svg]
[industry.dexignzone.com/xhtml/plugins/fontawesome/webfonts/fa-solid-900.ttf]
[industry.dexignzone.com/xhtml/plugins/line-awesome/fonts/line-awesome0176.eot]
[industry.dexignzone.com/xhtml/plugins/line-awesome/fonts/line-awesomeeb4f.woff2]
[industry.dexignzone.com/xhtml/plugins/line-awesome/fonts/line-awesomeeb4f.woff]
[industry.dexignzone.com/xhtml/plugins/line-awesome/fonts/line-awesomeeb4f.ttf]
[industry.dexignzone.com/xhtml/plugins/line-awesome/css/line-awesome.min.css]
[industry.dexignzone.com/xhtml/plugins/flaticon/Flaticon.eot]
[industry.dexignzone.com/xhtml/plugins/flaticon/Flaticond41d.eot]
[industry.dexignzone.com/xhtml/plugins/flaticon/Flaticon.woff]
[industry.dexignzone.com/xhtml/plugins/flaticon/Flaticon.ttf]
[industry.dexignzone.com/xhtml/plugins/flaticon/flaticon.css]
[industry.dexignzone.com/xhtml/plugins/flaticon/beer/Flaticon.eot]
[industry.dexignzone.com/xhtml/plugins/flaticon/Flaticon.svg]
[industry.dexignzone.com/xhtml/plugins/flaticon/beer/Flaticond41d.eot]
[industry.dexignzone.com/xhtml/plugins/line-awesome/fonts/line-awesomeeb4f.svg]
[industry.dexignzone.com/xhtml/plugins/flaticon/beer/Flaticon.woff]
[industry.dexignzone.com/xhtml/plugins/flaticon/beer/Flaticon.ttf]
[industry.dexignzone.com/xhtml/plugins/flaticon/beer/flaticon.css]
[industry.dexignzone.com/xhtml/plugins/flaticon/beer/Flaticon.svg]
[industry.dexignzone.com/xhtml/plugins/themify/fonts/themifyd41d.eot]
[industry.dexignzone.com/xhtml/plugins/themify/fonts/themify9f24.eot]
[industry.dexignzone.com/xhtml/plugins/themify/fonts/themify9f24.woff]
[industry.dexignzone.com/xhtml/plugins/themify/fonts/themify9f24.ttf]
[industry.dexignzone.com/xhtml/plugins/themify/themify-icons.css]
[industry.dexignzone.com/xhtml/plugins/owl-carousel/owl.carousel.css]
[industry.dexignzone.com/xhtml/plugins/bootstrap-select/bootstrap-select.min.css]
[industry.dexignzone.com/xhtml/plugins/magnific-popup/magnific-popup.css]
[industry.dexignzone.com/xhtml/plugins/animate/animate.css]
[industry.dexignzone.com/xhtml/plugins/scroll/scrollbar.css]
[industry.dexignzone.com/xhtml/plugins/themify/fonts/themify9f24.svg]
[industry.dexignzone.com/xhtml/plugins/rangeslider/rangeslider.css]
[industry.dexignzone.com/xhtml/plugins/lightgallery/fonts/lgd641.eot]
[industry.dexignzone.com/xhtml/plugins/lightgallery/fonts/lgd41d.eot]
[industry.dexignzone.com/xhtml/plugins/lightgallery/fonts/lgd641.woff]
[industry.dexignzone.com/xhtml/plugins/lightgallery/fonts/lgd641.ttf]
[industry.dexignzone.com/xhtml/plugins/lightgallery/fonts/lgd641.svg]
[industry.dexignzone.com/xhtml/plugins/lightgallery/img/vimeo-play.png]
[industry.dexignzone.com/xhtml/plugins/lightgallery/img/video-play.png]
[industry.dexignzone.com/xhtml/plugins/lightgallery/img/youtube-play.png]
[industry.dexignzone.com/xhtml/plugins/lightgallery/img/loading.gif]
[industry.dexignzone.com/xhtml/plugins/lightgallery/css/lightgallery.min.css]
[industry.dexignzone.com/xhtml/plugins/button-effects/button.css]
[industry.dexignzone.com/xhtml/plugins/switcher/switcher.css]
[industry.dexignzone.com/xhtml/error-404.html]
[industry.dexignzone.com/xhtml/images/loading.svg]
[industry.dexignzone.com/xhtml/plugins/revolution/revolution/fonts/revicons/revicons90c6.svg]
[industry.dexignzone.com/xhtml/plugins/revolution/revolution/css/openhand.html]
[industry.dexignzone.com/xhtml/plugins/revolution/revolution/css/closedhand.html]
[industry.dexignzone.com/xhtml/css/skin/skin-1.css]
[industry.dexignzone.com/xhtml/plugins/swiper/swiper-bundle.min.css]
[industry.dexignzone.com/xhtml/images/main-slider/pic1.jpg]
[industry.dexignzone.com/xhtml/images/main-slider/pic2.jpg]
[industry.dexignzone.com/xhtml/images/main-slider/pic3.jpg]
[industry.dexignzone.com/xhtml/images/main-slider/pic4.jpg]
[industry.dexignzone.com/xhtml/images/main-slider/pic5.jpg]
[industry.dexignzone.com/xhtml/images/our-work/oilgas/pic1.jpg]
[industry.dexignzone.com/xhtml/images/our-work/oilgas/pic2.jpg]
[industry.dexignzone.com/xhtml/images/our-work/oilgas/pic3.jpg]
[industry.dexignzone.com/xhtml/images/our-work/oilgas/pic4.jpg]
[industry.dexignzone.com/xhtml/images/our-work/oilgas/pic5.jpg]
[industry.dexignzone.com/xhtml/images/blog/recent-blog/pic1.jpg]
[industry.dexignzone.com/xhtml/images/blog/recent-blog/pic2.jpg]
[industry.dexignzone.com/xhtml/images/blog/recent-blog/pic3.jpg]
[industry.dexignzone.com/xhtml/index-20.html]
[industry.dexignzone.com/xhtml/plugins/swiper/swiper-bundle.min.js]
[industry.dexignzone.com/xhtml/css/skin/skin-7.css]
[industry.dexignzone.com/xhtml/images/logo-white-7.png]
[industry.dexignzone.com/xhtml/images/logo-7.png]
[industry.dexignzone.com/xhtml/images/pattern/pt13.jpg]
[industry.dexignzone.com/xhtml/video/video4.mp4]
[industry.dexignzone.com/xhtml/images/our-services/ship/pic1.jpg]
[industry.dexignzone.com/xhtml/images/our-services/ship/pic2.jpg]
[industry.dexignzone.com/xhtml/images/our-services/ship/pic3.jpg]
[industry.dexignzone.com/xhtml/images/blog/default/ship/thum1.jpg]
[industry.dexignzone.com/xhtml/images/blog/default/ship/thum2.jpg]
[industry.dexignzone.com/xhtml/images/blog/default/ship/thum3.jpg]
[industry.dexignzone.com/xhtml/index-19.html]
[industry.dexignzone.com/xhtml/images/banner/pic1.png]
[industry.dexignzone.com/xhtml/images/banner/pic2.png]
[industry.dexignzone.com/xhtml/images/banner/pic3.png]
[industry.dexignzone.com/xhtml/images/banner/pic4.png]
[industry.dexignzone.com/xhtml/images/banner/pic5.png]
[industry.dexignzone.com/xhtml/index-18.html]
[industry.dexignzone.com/xhtml/images/banner/pic1.jpg]
[industry.dexignzone.com/xhtml/images/banner/pic2.jpg]
[industry.dexignzone.com/xhtml/images/banner/pic3.jpg]
[industry.dexignzone.com/xhtml/images/banner/pic4.jpg]
[industry.dexignzone.com/xhtml/images/banner/pic5.jpg]
[industry.dexignzone.com/xhtml/index-17.html]
[industry.dexignzone.com/xhtml/images/main-slider/slide4.jpg]
[industry.dexignzone.com/xhtml/images/overlay/rrdiagonal-line.png]
[industry.dexignzone.com/xhtml/images/main-slider/slide5.jpg]
[industry.dexignzone.com/xhtml/index-2.html]
[industry.dexignzone.com/xhtml/images/main-slider/slide20.jpg]
[industry.dexignzone.com/xhtml/images/main-slider/slide21.jpg]
[industry.dexignzone.com/xhtml/images/our-work/steelplant/pic1.jpg]
[industry.dexignzone.com/xhtml/images/our-work/steelplant/pic2.jpg]
[industry.dexignzone.com/xhtml/images/our-work/steelplant/pic3.jpg]
[industry.dexignzone.com/xhtml/images/our-work/steelplant/pic4.jpg]
[industry.dexignzone.com/xhtml/images/our-work/steelplant/pic5.jpg]
[industry.dexignzone.com/xhtml/images/our-work/steelplant/pic6.jpg]
[industry.dexignzone.com/xhtml/images/our-work/steelplant/pic10.jpg]
[industry.dexignzone.com/xhtml/images/our-work/steelplant/pic9.jpg]
[industry.dexignzone.com/xhtml/images/our-work/steelplant/pic8.jpg]
[industry.dexignzone.com/xhtml/images/our-work/steelplant/pic7.jpg]
[industry.dexignzone.com/xhtml/index-3.html]
[industry.dexignzone.com/xhtml/images/main-slider/dummy.png]
[industry.dexignzone.com/xhtml/images/about/pic7.jpg]
[industry.dexignzone.com/xhtml/images/about/pic8.jpg]
[industry.dexignzone.com/xhtml/images/about/pic9.jpg]
[industry.dexignzone.com/xhtml/images/about/pic10.jpg]
[industry.dexignzone.com/xhtml/images/background/cs.jpg]
[industry.dexignzone.com/xhtml/images/background/bg3.png]
[industry.dexignzone.com/xhtml/index-4.html]
[industry.dexignzone.com/xhtml/css/skin/skin-3.css]
[industry.dexignzone.com/xhtml/images/logo-3.png]
[industry.dexignzone.com/xhtml/images/about/pic11.jpg]
[industry.dexignzone.com/xhtml/images/background/bg11.jpg]
[industry.dexignzone.com/xhtml/images/portfolio/construct/image_1.jpg]
[industry.dexignzone.com/xhtml/images/portfolio/construct/image_2.jpg]
[industry.dexignzone.com/xhtml/images/portfolio/construct/image_3.jpg]
[industry.dexignzone.com/xhtml/images/portfolio/construct/image_4.jpg]
[industry.dexignzone.com/xhtml/images/portfolio/construct/image_5.jpg]
[industry.dexignzone.com/xhtml/images/portfolio/construct/image_6.jpg]
[industry.dexignzone.com/xhtml/images/background/bg9.jpg]
[industry.dexignzone.com/xhtml/images/our-services/construct/pic1.jpg]
[industry.dexignzone.com/xhtml/images/our-services/construct/pic2.jpg]
[industry.dexignzone.com/xhtml/images/background/map-bg1.png]
[industry.dexignzone.com/xhtml/images/our-team/pic12.jpg]
[industry.dexignzone.com/xhtml/images/our-team/pic13.jpg]
[industry.dexignzone.com/xhtml/images/our-team/pic14.jpg]
[industry.dexignzone.com/xhtml/index-5.html]
[industry.dexignzone.com/xhtml/css/skin/skin-4.css]
[industry.dexignzone.com/xhtml/images/logo-4.png]
[industry.dexignzone.com/xhtml/images/our-work/solarplant/pic1.jpg]
[industry.dexignzone.com/xhtml/images/our-work/solarplant/pic6.jpg]
[industry.dexignzone.com/xhtml/images/our-work/solarplant/pic3.jpg]
[industry.dexignzone.com/xhtml/images/our-work/solarplant/pic4.jpg]
[industry.dexignzone.com/xhtml/images/our-work/solarplant/pic5.jpg]
[industry.dexignzone.com/xhtml/images/our-work/solarplant/pic2.jpg]
[industry.dexignzone.com/xhtml/images/overlay/brilliant.png]
[industry.dexignzone.com/xhtml/index-6.html]
[industry.dexignzone.com/xhtml/css/skin/skin-5.css]
[industry.dexignzone.com/xhtml/images/logo-5.png]
[industry.dexignzone.com/xhtml/images/main-slider/slide13.jpg]
[industry.dexignzone.com/xhtml/images/main-slider/slide14.jpg]
[industry.dexignzone.com/xhtml/images/gallery/food/pic1.jpg]
[industry.dexignzone.com/xhtml/images/gallery/food/pic2.jpg]
[industry.dexignzone.com/xhtml/images/gallery/food/pic3.jpg]
[industry.dexignzone.com/xhtml/images/gallery/food/pic4.jpg]
[industry.dexignzone.com/xhtml/images/gallery/food/pic7.jpg]
[industry.dexignzone.com/xhtml/images/gallery/food/pic5.jpg]
[industry.dexignzone.com/xhtml/images/gallery/food/pic6.jpg]
[industry.dexignzone.com/xhtml/images/icon/food/icon1.png]
[industry.dexignzone.com/xhtml/images/icon/food/icon2.png]
[industry.dexignzone.com/xhtml/images/icon/food/icon3.png]
[industry.dexignzone.com/xhtml/images/icon/food/icon4.png]
[industry.dexignzone.com/xhtml/images/icon/food/icon5.png]
[industry.dexignzone.com/xhtml/images/icon/food/icon6.png]
[industry.dexignzone.com/xhtml/images/our-team/team-bx/pic1.jpg]
[industry.dexignzone.com/xhtml/images/our-team/team-bx/pic2.jpg]
[industry.dexignzone.com/xhtml/images/our-team/team-bx/pic3.jpg]
[industry.dexignzone.com/xhtml/images/our-team/team-bx/pic4.jpg]
[industry.dexignzone.com/xhtml/index-7.html]
[industry.dexignzone.com/xhtml/css/skin/skin-6.css]
[industry.dexignzone.com/xhtml/images/logo-center-6.png]
[industry.dexignzone.com/xhtml/images/logo-center-light.png]
[industry.dexignzone.com/xhtml/images/logo-6.png]
[industry.dexignzone.com/xhtml/images/main-slider/slide15.jpg]
[industry.dexignzone.com/xhtml/images/main-slider/slide16.jpg]
[industry.dexignzone.com/xhtml/images/main-slider/slide17.jpg]
[industry.dexignzone.com/xhtml/images/about/about3.jpg]
[industry.dexignzone.com/xhtml/images/project/pic1.jpg]
[industry.dexignzone.com/xhtml/images/project/pic2.jpg]
[industry.dexignzone.com/xhtml/images/project/pic3.jpg]
[industry.dexignzone.com/xhtml/images/gallery/agriculture/pic1.jpg]
[industry.dexignzone.com/xhtml/images/gallery/agriculture/pic2.jpg]
[industry.dexignzone.com/xhtml/images/gallery/agriculture/pic3.jpg]
[industry.dexignzone.com/xhtml/images/gallery/agriculture/pic4.jpg]
[industry.dexignzone.com/xhtml/images/gallery/agriculture/pic5.jpg]
[industry.dexignzone.com/xhtml/images/gallery/agriculture/pic6.jpg]
[industry.dexignzone.com/xhtml/index-8.html]
[industry.dexignzone.com/xhtml/images/main-slider/slide22.jpg]
[industry.dexignzone.com/xhtml/index-9.html]
[industry.dexignzone.com/xhtml/css/skin/skin-8.css]
[industry.dexignzone.com/xhtml/images/logo-white-8.png]
[industry.dexignzone.com/xhtml/images/logo-8.png]
[industry.dexignzone.com/xhtml/images/main-slider/slide25.jpg]
[industry.dexignzone.com/xhtml/images/main-slider/slide24.jpg]
[industry.dexignzone.com/xhtml/images/main-slider/slide26.jpg]
[industry.dexignzone.com/xhtml/images/gallery/leather/pic1.jpg]
[industry.dexignzone.com/xhtml/images/gallery/leather/pic2.jpg]
[industry.dexignzone.com/xhtml/images/gallery/leather/pic3.jpg]
[industry.dexignzone.com/xhtml/images/gallery/leather/pic4.jpg]
[industry.dexignzone.com/xhtml/images/our-work/leather/pic1.jpg]
[industry.dexignzone.com/xhtml/images/our-work/leather/pic2.jpg]
[industry.dexignzone.com/xhtml/images/our-work/leather/pic3.jpg]
[industry.dexignzone.com/xhtml/images/background/bg14.jpg]
[industry.dexignzone.com/xhtml/index-10.html]
[industry.dexignzone.com/xhtml/images/main-slider/slide23.jpg]
[industry.dexignzone.com/xhtml/images/our-work/nuclear/pic1.jpg]
[industry.dexignzone.com/xhtml/images/our-work/nuclear/pic6.jpg]
[industry.dexignzone.com/xhtml/images/our-work/nuclear/pic3.jpg]
[industry.dexignzone.com/xhtml/images/our-work/nuclear/pic4.jpg]
[industry.dexignzone.com/xhtml/images/our-work/nuclear/pic5.jpg]
[industry.dexignzone.com/xhtml/images/our-work/nuclear/pic2.jpg]
[industry.dexignzone.com/xhtml/images/gallery/nuclear/pic7.jpg]
[industry.dexignzone.com/xhtml/images/gallery/nuclear/pic5.jpg]
[industry.dexignzone.com/xhtml/images/gallery/nuclear/pic6.jpg]
[industry.dexignzone.com/xhtml/images/about/pic12.jpg]
[industry.dexignzone.com/xhtml/images/gallery/gallery-min/pic1.jpg]
[industry.dexignzone.com/xhtml/images/gallery/gallery-min/pic2.jpg]
[industry.dexignzone.com/xhtml/images/gallery/gallery-min/pic3.jpg]
[industry.dexignzone.com/xhtml/images/gallery/gallery-min/pic4.jpg]
[industry.dexignzone.com/xhtml/images/gallery/gallery-min/pic5.jpg]
[industry.dexignzone.com/xhtml/images/gallery/gallery-min/pic6.jpg]
[industry.dexignzone.com/xhtml/images/gallery/gallery-min/pic7.jpg]
[industry.dexignzone.com/xhtml/images/gallery/gallery-min/pic8.jpg]
[industry.dexignzone.com/xhtml/images/gallery/gallery-min/pic9.jpg]
[industry.dexignzone.com/xhtml/images/gallery/gallery-min/pic10.jpg]
[industry.dexignzone.com/xhtml/index-11.html]
[industry.dexignzone.com/xhtml/css/skin/skin-9.css]
[industry.dexignzone.com/xhtml/images/logo-white-9.png]
[industry.dexignzone.com/xhtml/images/logo-9.png]
[industry.dexignzone.com/xhtml/images/main-slider/slide28.jpg]
[industry.dexignzone.com/xhtml/images/icon/beer.png]
[industry.dexignzone.com/xhtml/images/about/pic13.jpg]
[industry.dexignzone.com/xhtml/images/gallery/beer/pic1.jpg]
[industry.dexignzone.com/xhtml/images/gallery/beer/pic3.jpg]
[industry.dexignzone.com/xhtml/images/gallery/beer/pic2.jpg]
[industry.dexignzone.com/xhtml/images/gallery/beer/pic4.jpg]
[industry.dexignzone.com/xhtml/images/background/bg15.jpg]
[industry.dexignzone.com/xhtml/images/our-work/beer/pic1.jpg]
[industry.dexignzone.com/xhtml/images/our-work/beer/pic2.jpg]
[industry.dexignzone.com/xhtml/images/our-work/beer/pic3.jpg]
[industry.dexignzone.com/xhtml/images/testimonials/pic4.jpg]
[industry.dexignzone.com/xhtml/images/testimonials/pic6.jpg]
[industry.dexignzone.com/xhtml/images/testimonials/pic5.jpg]
[industry.dexignzone.com/xhtml/images/background/bg16.jpg]
[industry.dexignzone.com/xhtml/index-12.html]
[industry.dexignzone.com/xhtml/images/main-slider/slide27.jpg]
[industry.dexignzone.com/xhtml/images/main-slider/box-bg1.png]
[industry.dexignzone.com/xhtml/images/main-slider/box-bg2.png]
[industry.dexignzone.com/xhtml/images/portfolio/mining/image_1.jpg]
[industry.dexignzone.com/xhtml/images/portfolio/mining/image_2.jpg]
[industry.dexignzone.com/xhtml/images/portfolio/mining/image_3.jpg]
[industry.dexignzone.com/xhtml/images/portfolio/mining/image_4.jpg]
[industry.dexignzone.com/xhtml/images/our-work/mining/pic1.jpg]
[industry.dexignzone.com/xhtml/images/our-work/mining/pic6.jpg]
[industry.dexignzone.com/xhtml/images/our-work/mining/pic3.jpg]
[industry.dexignzone.com/xhtml/images/our-work/mining/pic4.jpg]
[industry.dexignzone.com/xhtml/images/our-work/mining/pic5.jpg]
[industry.dexignzone.com/xhtml/images/our-work/mining/pic2.jpg]
[industry.dexignzone.com/xhtml/images/gallery/pic10.jpg]
[industry.dexignzone.com/xhtml/images/background/bg17.jpg]
[industry.dexignzone.com/xhtml/index-13.html]
[industry.dexignzone.com/xhtml/images/main-slider/slide19.jpg]
[industry.dexignzone.com/xhtml/images/our-work/plastic/pic1.jpg]
[industry.dexignzone.com/xhtml/images/our-work/plastic/pic2.jpg]
[industry.dexignzone.com/xhtml/images/about/pic14.jpg]
[industry.dexignzone.com/xhtml/images/our-work/plastic/pic3.jpg]
[industry.dexignzone.com/xhtml/images/our-work/plastic/pic4.jpg]
[industry.dexignzone.com/xhtml/images/background/bg18.jpg]
[industry.dexignzone.com/xhtml/images/gallery/plastic/pic1.jpg]
[industry.dexignzone.com/xhtml/images/gallery/plastic/pic2.jpg]
[industry.dexignzone.com/xhtml/images/gallery/plastic/pic3.jpg]
[industry.dexignzone.com/xhtml/images/gallery/plastic/pic4.jpg]
[industry.dexignzone.com/xhtml/images/our-team/pic16.jpg]
[industry.dexignzone.com/xhtml/images/our-team/pic15.jpg]
[industry.dexignzone.com/xhtml/index-15.html]
[industry.dexignzone.com/xhtml/css/skin/skin-10.css]
[industry.dexignzone.com/xhtml/css/event.css]
[industry.dexignzone.com/xhtml/images/main-slider/event/slide1.jpg]
[industry.dexignzone.com/xhtml/images/main-slider/event/img2.jpg]
[industry.dexignzone.com/xhtml/images/main-slider/event/img1.jpg]
[industry.dexignzone.com/xhtml/images/main-slider/event/img3.jpg]
[industry.dexignzone.com/xhtml/images/background/event/bg1.png]
[industry.dexignzone.com/xhtml/images/about/event/about3.jpg]
[industry.dexignzone.com/xhtml/images/about/event/about.jpg]
[industry.dexignzone.com/xhtml/images/about/event/about2.jpg]
[industry.dexignzone.com/xhtml/images/background/event/bg2.png]
[industry.dexignzone.com/xhtml/images/icon/event/icon1.png]
[industry.dexignzone.com/xhtml/images/icon/event/icon2.png]
[industry.dexignzone.com/xhtml/images/icon/event/icon3.png]
[industry.dexignzone.com/xhtml/images/icon/event/icon4.png]
[industry.dexignzone.com/xhtml/index-16.html]
[industry.dexignzone.com/xhtml/images/header.png]
[industry.dexignzone.com/xhtml/header-style-1.html]
[industry.dexignzone.com/xhtml/header-style-2.html]
[industry.dexignzone.com/xhtml/header-style-3.html]
[industry.dexignzone.com/xhtml/images/logo-white.png]
[industry.dexignzone.com/xhtml/header-style-4.html]
[industry.dexignzone.com/xhtml/header-style-5.html]
[industry.dexignzone.com/xhtml/header-style-6.html]
[industry.dexignzone.com/xhtml/header-style-dark-1.html]
[industry.dexignzone.com/xhtml/header-style-dark-2.html]
[industry.dexignzone.com/xhtml/header-style-dark-3.html]
[industry.dexignzone.com/xhtml/header-style-dark-4.html]
[industry.dexignzone.com/xhtml/header-style-dark-5.html]
[industry.dexignzone.com/xhtml/header-style-dark-6.html]
[industry.dexignzone.com/xhtml/images/footer.png]
[industry.dexignzone.com/xhtml/footer-1.html]
[industry.dexignzone.com/xhtml/footer-2.html]
[industry.dexignzone.com/xhtml/images/gallery/pic1.jpg]
[industry.dexignzone.com/xhtml/images/gallery/pic2.jpg]
[industry.dexignzone.com/xhtml/images/gallery/pic3.jpg]
[industry.dexignzone.com/xhtml/images/gallery/pic4.jpg]
[industry.dexignzone.com/xhtml/images/gallery/pic5.jpg]
[industry.dexignzone.com/xhtml/images/gallery/pic6.jpg]
[industry.dexignzone.com/xhtml/images/gallery/pic7.jpg]
[industry.dexignzone.com/xhtml/images/gallery/pic8.jpg]
[industry.dexignzone.com/xhtml/images/gallery/pic9.jpg]
[industry.dexignzone.com/xhtml/footer-3.html]
[industry.dexignzone.com/xhtml/footer-4.html]
[industry.dexignzone.com/xhtml/footer-5.html]
[industry.dexignzone.com/xhtml/footer-6.html]
[industry.dexignzone.com/xhtml/footer-7.html]
[industry.dexignzone.com/xhtml/footer-8.html]
[industry.dexignzone.com/xhtml/footer-9.html]
[industry.dexignzone.com/xhtml/footer-10.html]
[industry.dexignzone.com/xhtml/footer-11.html]
[industry.dexignzone.com/xhtml/footer-12.html]
[industry.dexignzone.com/xhtml/about-2.html]
[industry.dexignzone.com/xhtml/services-2.html]
[industry.dexignzone.com/xhtml/services-agricultural-processing.html]
[industry.dexignzone.com/xhtml/images/services/pic1.jpg]
[industry.dexignzone.com/xhtml/images/services/pic5.jpg]
[industry.dexignzone.com/xhtml/services-power-energy.html]
[industry.dexignzone.com/xhtml/images/about/pic1.jpg]
[industry.dexignzone.com/xhtml/images/services/pic4.jpg]
[industry.dexignzone.com/xhtml/images/services/pic11.jpg]
[industry.dexignzone.com/xhtml/services-oil-lubricant.html]
[industry.dexignzone.com/xhtml/images/services/pic9.jpg]
[industry.dexignzone.com/xhtml/images/services/pic8.jpg]
[industry.dexignzone.com/xhtml/services-materials-engineering.html]
[industry.dexignzone.com/xhtml/services-chemical-research.html]
[industry.dexignzone.com/xhtml/images/our-work/solarplant/pic7.jpg]
[industry.dexignzone.com/xhtml/services-alternate-energy.html]
[industry.dexignzone.com/xhtml/team-2.html]
[industry.dexignzone.com/xhtml/faq-1.html]
[industry.dexignzone.com/xhtml/faq-2.html]
[industry.dexignzone.com/xhtml/images/portfolio/image_1.jpg]
[industry.dexignzone.com/xhtml/images/portfolio/image_2.jpg]
[industry.dexignzone.com/xhtml/images/portfolio/image_3.jpg]
[industry.dexignzone.com/xhtml/images/portfolio/image_4.jpg]
[industry.dexignzone.com/xhtml/images/portfolio/image_5.jpg]
[industry.dexignzone.com/xhtml/images/portfolio/image_6.jpg]
[industry.dexignzone.com/xhtml/images/portfolio/image_7.jpg]
[industry.dexignzone.com/xhtml/images/portfolio/image_8.jpg]
[industry.dexignzone.com/xhtml/images/portfolio/image_9.jpg]
[industry.dexignzone.com/xhtml/images/portfolio/image_10.jpg]
[industry.dexignzone.com/xhtml/images/portfolio/image_11.jpg]
[industry.dexignzone.com/xhtml/images/portfolio/image_12.jpg]
[industry.dexignzone.com/xhtml/portfolio-grid-2.html]
[industry.dexignzone.com/xhtml/portfolio-grid-3.html]
[industry.dexignzone.com/xhtml/portfolio-grid-4.html]
[industry.dexignzone.com/xhtml/error-403.html]
[industry.dexignzone.com/xhtml/error-405.html]
[industry.dexignzone.com/xhtml/css/coming-soon.min.css]
[industry.dexignzone.com/xhtml/plugins/revolution/revolution/css/settings.css]
[industry.dexignzone.com/xhtml/plugins/revolution/revolution/css/layers.css]
[industry.dexignzone.com/xhtml/plugins/revolution/revolution/css/navigation.css]
[industry.dexignzone.com/xhtml/plugins/revolution/revolution/js/extensions/revolution.extension.migration.min.js]
[industry.dexignzone.com/xhtml/plugins/revolution/revolution-addons/typewriter/js/revolution.addon.typewriter.min.js]
[industry.dexignzone.com/xhtml/plugins/revolution/revolution-addons/countdown/revolution.addon.countdown.min.js]
[industry.dexignzone.com/xhtml/coming-soon-1.html]
[industry.dexignzone.com/xhtml/images/background/bg8.jpg]
[industry.dexignzone.com/xhtml/coming-soon-2.html]
[industry.dexignzone.com/xhtml/images/banner/bnr5.jpg]
[industry.dexignzone.com/xhtml/images/product/thumb/item1.jpg]
[industry.dexignzone.com/xhtml/images/product/thumb/item2.jpg]
[industry.dexignzone.com/xhtml/images/product/thumb/item3.jpg]
[industry.dexignzone.com/xhtml/shop-sidebar.html]
[industry.dexignzone.com/xhtml/css/star-rating-svg.css]
[industry.dexignzone.com/xhtml/images/product/item2/item1.jpg]
[industry.dexignzone.com/xhtml/images/product/item2/item2.jpg]
[industry.dexignzone.com/xhtml/images/product/item2/item3.jpg]
[industry.dexignzone.com/xhtml/images/product/item2/item4.jpg]
[industry.dexignzone.com/xhtml/images/product/item2/item5.jpg]
[industry.dexignzone.com/xhtml/images/product/thumb/item4.jpg]
[industry.dexignzone.com/xhtml/images/product/thumb/item5.jpg]
[industry.dexignzone.com/xhtml/js/jquery.star-rating-svg.js]
[industry.dexignzone.com/xhtml/shop-product-details.html]
[industry.dexignzone.com/xhtml/shop-cart.html]
[industry.dexignzone.com/xhtml/shop-wishlist.html]
[industry.dexignzone.com/xhtml/shop-checkout.html]
[industry.dexignzone.com/xhtml/shop-login.html]
[industry.dexignzone.com/xhtml/shop-register.html]
[industry.dexignzone.com/xhtml/blog-half-img.html]
[industry.dexignzone.com/xhtml/images/our-services/pic1.jpg]
[industry.dexignzone.com/xhtml/blog-half-img-sidebar.html]
[industry.dexignzone.com/xhtml/blog-half-img-left-sidebar.html]
[industry.dexignzone.com/xhtml/images/blog/default/thum2.jpg]
[industry.dexignzone.com/xhtml/images/blog/default/thum3.jpg]
[industry.dexignzone.com/xhtml/images/blog/default/thum4.jpg]
[industry.dexignzone.com/xhtml/blog-large-img.html]
[industry.dexignzone.com/xhtml/blog-large-img-sidebar.html]
[industry.dexignzone.com/xhtml/blog-large-img-left-sidebar.html]
[industry.dexignzone.com/xhtml/blog-grid-2-sidebar.html]
[industry.dexignzone.com/xhtml/blog-grid-2-sidebar-left.html]
[industry.dexignzone.com/xhtml/blog-grid-3.html]
[industry.dexignzone.com/xhtml/blog-grid-3-sidebar.html]
[industry.dexignzone.com/xhtml/blog-grid-3-sidebar-left.html]
[industry.dexignzone.com/xhtml/blog-grid-4.html]
[industry.dexignzone.com/xhtml/blog-single-sidebar.html]
[industry.dexignzone.com/xhtml/blog-single-left-sidebar.html]
[industry.dexignzone.com/xhtml/images/background/bg3.jpg]
[industry.dexignzone.com/xhtml/shortcode-buttons.html]
[industry.dexignzone.com/xhtml/images/our-work/pic1.jpg]
[industry.dexignzone.com/xhtml/images/our-work/pic2.jpg]
[industry.dexignzone.com/xhtml/images/our-work/pic3.jpg]
[industry.dexignzone.com/xhtml/images/our-work/pic4.jpg]
[industry.dexignzone.com/xhtml/shortcode-icon-box-styles.html]
[industry.dexignzone.com/xhtml/shortcode-pricing-table.html]
[industry.dexignzone.com/xhtml/shortcode-toggles.html]
[industry.dexignzone.com/xhtml/shortcode-team.html]
[industry.dexignzone.com/xhtml/shortcode-animation-effects.html]
[industry.dexignzone.com/xhtml/images/our-work/pic5.jpg]
[industry.dexignzone.com/xhtml/images/our-work/pic6.jpg]
[industry.dexignzone.com/xhtml/images/our-work/pic7.jpg]
[industry.dexignzone.com/xhtml/images/our-work/pic8.jpg]
[industry.dexignzone.com/xhtml/shortcode-carousel-sliders.html]
[industry.dexignzone.com/xhtml/shortcode-image-box-content.html]
[industry.dexignzone.com/xhtml/shortcode-tabs.html]
[industry.dexignzone.com/xhtml/shortcode-counters.html]
[industry.dexignzone.com/xhtml/images/product/item12.jpg]
[industry.dexignzone.com/xhtml/images/product/item11.jpg]
[industry.dexignzone.com/xhtml/images/product/item10.jpg]
[industry.dexignzone.com/xhtml/shortcode-shop-widgets.html]
[industry.dexignzone.com/xhtml/images/gallery/filters/pic1.jpg]
[industry.dexignzone.com/xhtml/images/gallery/filters/pic2.jpg]
[industry.dexignzone.com/xhtml/images/gallery/filters/pic3.jpg]
[industry.dexignzone.com/xhtml/images/gallery/filters/pic4.jpg]
[industry.dexignzone.com/xhtml/images/gallery/filters/pic5.jpg]
[industry.dexignzone.com/xhtml/images/gallery/filters/pic6.jpg]
[industry.dexignzone.com/xhtml/images/gallery/filters/pic7.jpg]
[industry.dexignzone.com/xhtml/images/gallery/filters/pic8.jpg]
[industry.dexignzone.com/xhtml/images/gallery/filters/pic9.jpg]
[industry.dexignzone.com/xhtml/images/gallery/filters/pic10.jpg]
[industry.dexignzone.com/xhtml/images/gallery/filters/pic11.jpg]
[industry.dexignzone.com/xhtml/images/gallery/filters/pic12.jpg]
[industry.dexignzone.com/xhtml/images/gallery/filters/pic13.jpg]
[industry.dexignzone.com/xhtml/images/gallery/filters/pic14.jpg]
[industry.dexignzone.com/xhtml/images/gallery/filters/pic15.jpg]
[industry.dexignzone.com/xhtml/images/gallery/filters/pic16.jpg]
[industry.dexignzone.com/xhtml/shortcode-filters.html]
[industry.dexignzone.com/xhtml/shortcode-accordians.html]
[industry.dexignzone.com/xhtml/shortcode-dividers.html]
[industry.dexignzone.com/xhtml/images/about/pic2.jpg]
[industry.dexignzone.com/xhtml/shortcode-images-effects.html]
[industry.dexignzone.com/xhtml/shortcode-testimonials.html]
[industry.dexignzone.com/xhtml/shortcode-pagination.html]
[industry.dexignzone.com/xhtml/shortcode-alert-box.html]
[industry.dexignzone.com/xhtml/shortcode-icon-box.html]
[industry.dexignzone.com/xhtml/shortcode-list-group.html]
[industry.dexignzone.com/xhtml/shortcode-title-separators.html]
[industry.dexignzone.com/xhtml/images/about/about1.jpg]
[industry.dexignzone.com/xhtml/shortcode-all-widgets.html]
[industry.dexignzone.com/xhtml/contact-2.html]
[industry.dexignzone.com/xhtml/contact-4.html]
[industry.dexignzone.com/xhtml/Version/index.html]
[industry.dexignzone.com/xhtml/plugins/fontawesome/webfonts/fa-brands-400.svg]
[industry.dexignzone.com/xhtml/plugins/fontawesome/webfonts/fa-regular-400.svg]
[industry.dexignzone.com/xhtml/plugins/fontawesome/webfonts/fa-solid-900.svg]
[industry.dexignzone.com/xhtml/plugins/line-awesome/fonts/line-awesomeeb4f.svg]
[industry.dexignzone.com/xhtml/plugins/flaticon/Flaticon.svg]
[industry.dexignzone.com/xhtml/plugins/flaticon/beer/Flaticon.svg]
[industry.dexignzone.com/xhtml/plugins/themify/fonts/themify9f24.svg]
[industry.dexignzone.com/xhtml/plugins/lightgallery/fonts/lgd641.svg]
[industry.dexignzone.com/xhtml/plugins/swiper/swiper-bundle.min.css]
[industry.dexignzone.com/xhtml/plugins/swiper/swiper-bundle.min.js]
[industry.dexignzone.com/xhtml/css/skin/skin-7.css]
[industry.dexignzone.com/xhtml/css/skin/skin-3.css]
[industry.dexignzone.com/xhtml/css/skin/skin-4.css]
[industry.dexignzone.com/xhtml/css/skin/skin-5.css]
[industry.dexignzone.com/xhtml/css/skin/skin-6.css]
[industry.dexignzone.com/xhtml/css/skin/skin-8.css]
[industry.dexignzone.com/xhtml/css/skin/skin-9.css]
[industry.dexignzone.com/xhtml/css/skin/skin-10.css]
[industry.dexignzone.com/xhtml/images/about/event/ribbon.png]
[industry.dexignzone.com/xhtml/images/about/event/circle.png]
[industry.dexignzone.com/xhtml/images/price-pattern.png]
[industry.dexignzone.com/xhtml/css/event.css]
[industry.dexignzone.com/xhtml/css/coming-soon.min.css]
[industry.dexignzone.com/xhtml/plugins/revolution/revolution/css/settings.css]
[industry.dexignzone.com/xhtml/plugins/revolution/revolution/css/layers.css]
[industry.dexignzone.com/xhtml/plugins/revolution/revolution/css/navigation.css]
[industry.dexignzone.com/xhtml/plugins/revolution/revolution/js/extensions/revolution.extension.migration.min.js]
[industry.dexignzone.com/xhtml/plugins/revolution/revolution-addons/typewriter/js/revolution.addon.typewriter.min.js]
[industry.dexignzone.com/xhtml/plugins/revolution/revolution-addons/countdown/revolution.addon.countdown.min.js]
[industry.dexignzone.com/xhtml/css/star-rating-svg.css]
[industry.dexignzone.com/xhtml/js/jquery.star-rating-svg.js]
